<?xml version="1.0" encoding="UTF-8"?>
<!-- Generated by org.testng.reporters.JUnitReportReporter -->
<testsuite skipped="0" hostname="DESKTOP-D28T060" name="testscripts.TC002" tests="1" failures="0" timestamp="2021-04-15T11:17:43 IST" time="53.051" errors="0">
  <testcase name="testProductInODP" time="53.051" classname="testscripts.TC002"/>
  <system-out/>
</testsuite> <!-- testscripts.TC002 -->
