<?xml version="1.0" encoding="UTF-8"?>
<!-- Generated by org.testng.reporters.JUnitReportReporter -->
<testsuite skipped="0" hostname="DESKTOP-D28T060" name="testscripts.TC003" tests="5" failures="0" timestamp="2021-04-15T11:39:41 IST" time="107.415" errors="0">
  <testcase name="testProductInODP" time="14.950" classname="testscripts.TC003"/>
  <system-out/>
  <testcase name="testProductInODP" time="22.727" classname="testscripts.TC003"/>
  <system-out/>
  <testcase name="testProductInODP" time="22.168" classname="testscripts.TC003"/>
  <system-out/>
  <testcase name="testProductInODP" time="28.455" classname="testscripts.TC003"/>
  <system-out/>
  <testcase name="testProductInODP" time="19.115" classname="testscripts.TC003"/>
  <system-out/>
</testsuite> <!-- testscripts.TC003 -->
