<?xml version="1.0" encoding="UTF-8"?>
<!-- Generated by org.testng.reporters.JUnitReportReporter -->
<testsuite skipped="0" hostname="DESKTOP-D28T060" name="testscripts.TC001" tests="2" failures="0" timestamp="2021-04-15T11:06:45 IST" time="37.799" errors="0">
  <testcase name="testProductInODP" time="19.000" classname="testscripts.TC001"/>
  <system-out/>
  <testcase name="testProductInODP" time="18.799" classname="testscripts.TC001"/>
  <system-out/>
</testsuite> <!-- testscripts.TC001 -->
